[2023-04-24 09:16:38:2015][restartedMain] DEBUG o.s.w.s.m.m.a.RequestMappingHandlerAdapter - ControllerAdvice beans: 0 @ModelAttribute, 0 @InitBinder, 1 RequestBodyAdvice, 1 ResponseBodyAdvice
[2023-04-24 09:16:38:2063][restartedMain] DEBUG o.s.w.s.m.m.a.RequestMappingHandlerMapping - 5 mappings in 'requestMappingHandlerMapping'
[2023-04-24 09:16:38:2076][restartedMain] DEBUG o.s.w.s.h.SimpleUrlHandlerMapping - Patterns [/webjars/**, /**] in 'resourceHandlerMapping'
[2023-04-24 09:16:38:2082][restartedMain] DEBUG o.s.w.s.m.m.a.ExceptionHandlerExceptionResolver - ControllerAdvice beans: 0 @ExceptionHandler, 1 ResponseBodyAdvice
[2023-04-24 09:16:59:22763][http-nio-80-exec-1] INFO  o.s.web.servlet.DispatcherServlet - Initializing Servlet 'dispatcherServlet'
[2023-04-24 09:16:59:22766][http-nio-80-exec-1] DEBUG o.s.web.servlet.DispatcherServlet - Detected StandardServletMultipartResolver
[2023-04-24 09:16:59:22767][http-nio-80-exec-1] DEBUG o.s.web.servlet.DispatcherServlet - Detected AcceptHeaderLocaleResolver
[2023-04-24 09:16:59:22767][http-nio-80-exec-1] DEBUG o.s.web.servlet.DispatcherServlet - Detected FixedThemeResolver
[2023-04-24 09:16:59:22769][http-nio-80-exec-1] DEBUG o.s.web.servlet.DispatcherServlet - Detected org.springframework.web.servlet.view.DefaultRequestToViewNameTranslator@ba7851b
[2023-04-24 09:16:59:22770][http-nio-80-exec-1] DEBUG o.s.web.servlet.DispatcherServlet - Detected org.springframework.web.servlet.support.SessionFlashMapManager@71eb49bb
[2023-04-24 09:16:59:22771][http-nio-80-exec-1] DEBUG o.s.web.servlet.DispatcherServlet - enableLoggingRequestDetails='false': request parameters and headers will be masked to prevent unsafe logging of potentially sensitive data
[2023-04-24 09:16:59:22771][http-nio-80-exec-1] INFO  o.s.web.servlet.DispatcherServlet - Completed initialization in 5 ms
[2023-04-24 09:16:59:22790][http-nio-80-exec-1] DEBUG o.s.web.servlet.DispatcherServlet - GET "/", parameters={}
[2023-04-24 09:16:59:22801][http-nio-80-exec-1] DEBUG o.s.w.s.m.m.a.RequestMappingHandlerMapping - Mapped to com.kbstar.controller.MainController#main()
[2023-04-24 09:16:59:22838][http-nio-80-exec-1] DEBUG o.s.w.s.v.ContentNegotiatingViewResolver - Selected 'text/html' given [text/html, application/xhtml+xml, image/webp, image/apng, application/xml;q=0.9, application/signed-exchange;v=b3;q=0.7, */*;q=0.8]
[2023-04-24 09:16:59:22839][http-nio-80-exec-1] DEBUG o.s.web.servlet.view.JstlView - View name 'index', model {}
[2023-04-24 09:16:59:22843][http-nio-80-exec-1] DEBUG o.s.web.servlet.view.JstlView - Forwarding to [/views/index.jsp]
[2023-04-24 09:17:01:24588][http-nio-80-exec-7] DEBUG o.s.web.servlet.DispatcherServlet - GET "/css/sb-admin-2.min.css", parameters={}
[2023-04-24 09:17:01:24588][http-nio-80-exec-2] DEBUG o.s.web.servlet.DispatcherServlet - GET "/vendor/fontawesome-free/css/all.min.css", parameters={}
[2023-04-24 09:17:01:24599][http-nio-80-exec-7] DEBUG o.s.w.s.h.SimpleUrlHandlerMapping - Mapped to ResourceHttpRequestHandler [classpath [META-INF/resources/], classpath [resources/], classpath [static/], classpath [public/], ServletContext [/]]
[2023-04-24 09:17:01:24599][http-nio-80-exec-2] DEBUG o.s.w.s.h.SimpleUrlHandlerMapping - Mapped to ResourceHttpRequestHandler [classpath [META-INF/resources/], classpath [resources/], classpath [static/], classpath [public/], ServletContext [/]]
[2023-04-24 09:17:01:24634][http-nio-80-exec-8] DEBUG o.s.web.servlet.DispatcherServlet - GET "/img/undraw_rocket.svg", parameters={}
[2023-04-24 09:17:01:24634][http-nio-80-exec-5] DEBUG o.s.web.servlet.DispatcherServlet - GET "/img/undraw_profile_1.svg", parameters={}
[2023-04-24 09:17:01:24634][http-nio-80-exec-3] DEBUG o.s.web.servlet.DispatcherServlet - GET "/img/undraw_profile_2.svg", parameters={}
[2023-04-24 09:17:01:24635][http-nio-80-exec-8] DEBUG o.s.w.s.h.SimpleUrlHandlerMapping - Mapped to ResourceHttpRequestHandler [classpath [META-INF/resources/], classpath [resources/], classpath [static/], classpath [public/], ServletContext [/]]
[2023-04-24 09:17:01:24635][http-nio-80-exec-3] DEBUG o.s.w.s.h.SimpleUrlHandlerMapping - Mapped to ResourceHttpRequestHandler [classpath [META-INF/resources/], classpath [resources/], classpath [static/], classpath [public/], ServletContext [/]]
[2023-04-24 09:17:01:24635][http-nio-80-exec-5] DEBUG o.s.w.s.h.SimpleUrlHandlerMapping - Mapped to ResourceHttpRequestHandler [classpath [META-INF/resources/], classpath [resources/], classpath [static/], classpath [public/], ServletContext [/]]
[2023-04-24 09:17:01:24642][http-nio-80-exec-2] DEBUG o.s.web.servlet.DispatcherServlet - Completed 200 OK
[2023-04-24 09:17:01:24643][http-nio-80-exec-7] DEBUG o.s.web.servlet.DispatcherServlet - Completed 200 OK
[2023-04-24 09:17:01:24649][http-nio-80-exec-2] DEBUG o.s.web.servlet.DispatcherServlet - GET "/img/undraw_profile_3.svg", parameters={}
[2023-04-24 09:17:01:24650][http-nio-80-exec-2] DEBUG o.s.w.s.h.SimpleUrlHandlerMapping - Mapped to ResourceHttpRequestHandler [classpath [META-INF/resources/], classpath [resources/], classpath [static/], classpath [public/], ServletContext [/]]
[2023-04-24 09:17:01:24655][http-nio-80-exec-3] DEBUG o.s.web.servlet.DispatcherServlet - Completed 200 OK
[2023-04-24 09:17:01:24655][http-nio-80-exec-8] DEBUG o.s.web.servlet.DispatcherServlet - Completed 200 OK
[2023-04-24 09:17:01:24655][http-nio-80-exec-5] DEBUG o.s.web.servlet.DispatcherServlet - Completed 200 OK
[2023-04-24 09:17:01:24664][http-nio-80-exec-2] DEBUG o.s.web.servlet.DispatcherServlet - Completed 200 OK
[2023-04-24 09:17:01:24745][http-nio-80-exec-4] DEBUG o.s.web.servlet.DispatcherServlet - GET "/vendor/fontawesome-free/webfonts/fa-solid-900.woff2", parameters={}
[2023-04-24 09:17:01:24746][http-nio-80-exec-4] DEBUG o.s.w.s.h.SimpleUrlHandlerMapping - Mapped to ResourceHttpRequestHandler [classpath [META-INF/resources/], classpath [resources/], classpath [static/], classpath [public/], ServletContext [/]]
[2023-04-24 09:17:01:24769][http-nio-80-exec-4] DEBUG o.s.web.servlet.DispatcherServlet - Completed 200 OK
[2023-04-24 09:17:01:24780][http-nio-80-exec-1] DEBUG o.s.web.servlet.DispatcherServlet - Completed 200 OK
[2023-04-24 09:17:01:24785][http-nio-80-exec-6] DEBUG o.s.web.servlet.DispatcherServlet - GET "/img/undraw_profile.svg", parameters={}
[2023-04-24 09:17:01:24790][http-nio-80-exec-6] DEBUG o.s.w.s.h.SimpleUrlHandlerMapping - Mapped to ResourceHttpRequestHandler [classpath [META-INF/resources/], classpath [resources/], classpath [static/], classpath [public/], ServletContext [/]]
[2023-04-24 09:17:01:24791][http-nio-80-exec-7] DEBUG o.s.web.servlet.DispatcherServlet - GET "/vendor/bootstrap/js/bootstrap.bundle.min.js", parameters={}
[2023-04-24 09:17:01:24791][http-nio-80-exec-9] DEBUG o.s.web.servlet.DispatcherServlet - GET "/img/undraw_posting_photo.svg", parameters={}
[2023-04-24 09:17:01:24790][http-nio-80-exec-10] DEBUG o.s.web.servlet.DispatcherServlet - GET "/vendor/jquery/jquery.min.js", parameters={}
[2023-04-24 09:17:01:24792][http-nio-80-exec-9] DEBUG o.s.w.s.h.SimpleUrlHandlerMapping - Mapped to ResourceHttpRequestHandler [classpath [META-INF/resources/], classpath [resources/], classpath [static/], classpath [public/], ServletContext [/]]
[2023-04-24 09:17:01:24793][http-nio-80-exec-3] DEBUG o.s.web.servlet.DispatcherServlet - GET "/js/sb-admin-2.min.js", parameters={}
[2023-04-24 09:17:01:24793][http-nio-80-exec-7] DEBUG o.s.w.s.h.SimpleUrlHandlerMapping - Mapped to ResourceHttpRequestHandler [classpath [META-INF/resources/], classpath [resources/], classpath [static/], classpath [public/], ServletContext [/]]
[2023-04-24 09:17:01:24792][http-nio-80-exec-8] DEBUG o.s.web.servlet.DispatcherServlet - GET "/vendor/jquery-easing/jquery.easing.min.js", parameters={}
[2023-04-24 09:17:01:24794][http-nio-80-exec-3] DEBUG o.s.w.s.h.SimpleUrlHandlerMapping - Mapped to ResourceHttpRequestHandler [classpath [META-INF/resources/], classpath [resources/], classpath [static/], classpath [public/], ServletContext [/]]
[2023-04-24 09:17:01:24794][http-nio-80-exec-8] DEBUG o.s.w.s.h.SimpleUrlHandlerMapping - Mapped to ResourceHttpRequestHandler [classpath [META-INF/resources/], classpath [resources/], classpath [static/], classpath [public/], ServletContext [/]]
[2023-04-24 09:17:01:24797][http-nio-80-exec-10] DEBUG o.s.w.s.h.SimpleUrlHandlerMapping - Mapped to ResourceHttpRequestHandler [classpath [META-INF/resources/], classpath [resources/], classpath [static/], classpath [public/], ServletContext [/]]
[2023-04-24 09:17:01:24807][http-nio-80-exec-6] DEBUG o.s.web.servlet.DispatcherServlet - Completed 200 OK
[2023-04-24 09:17:01:24809][http-nio-80-exec-9] DEBUG o.s.web.servlet.DispatcherServlet - Completed 200 OK
[2023-04-24 09:17:01:24811][http-nio-80-exec-2] DEBUG o.s.web.servlet.DispatcherServlet - GET "/vendor/chart.js/Chart.min.js", parameters={}
[2023-04-24 09:17:01:24811][http-nio-80-exec-5] DEBUG o.s.web.servlet.DispatcherServlet - GET "/js/demo/chart-area-demo.js", parameters={}
[2023-04-24 09:17:01:24811][http-nio-80-exec-3] DEBUG o.s.web.servlet.DispatcherServlet - Completed 200 OK
[2023-04-24 09:17:01:24812][http-nio-80-exec-5] DEBUG o.s.w.s.h.SimpleUrlHandlerMapping - Mapped to ResourceHttpRequestHandler [classpath [META-INF/resources/], classpath [resources/], classpath [static/], classpath [public/], ServletContext [/]]
[2023-04-24 09:17:01:24813][http-nio-80-exec-2] DEBUG o.s.w.s.h.SimpleUrlHandlerMapping - Mapped to ResourceHttpRequestHandler [classpath [META-INF/resources/], classpath [resources/], classpath [static/], classpath [public/], ServletContext [/]]
[2023-04-24 09:17:01:24813][http-nio-80-exec-4] DEBUG o.s.web.servlet.DispatcherServlet - GET "/js/demo/chart-pie-demo.js", parameters={}
[2023-04-24 09:17:01:24815][http-nio-80-exec-4] DEBUG o.s.w.s.h.SimpleUrlHandlerMapping - Mapped to ResourceHttpRequestHandler [classpath [META-INF/resources/], classpath [resources/], classpath [static/], classpath [public/], ServletContext [/]]
[2023-04-24 09:17:01:24828][http-nio-80-exec-8] DEBUG o.s.web.servlet.DispatcherServlet - Completed 200 OK
[2023-04-24 09:17:01:24829][http-nio-80-exec-8] DEBUG o.s.web.servlet.DispatcherServlet - GET "/js/demo/chart-bar-demo.js", parameters={}
[2023-04-24 09:17:01:24830][http-nio-80-exec-8] DEBUG o.s.w.s.h.SimpleUrlHandlerMapping - Mapped to ResourceHttpRequestHandler [classpath [META-INF/resources/], classpath [resources/], classpath [static/], classpath [public/], ServletContext [/]]
[2023-04-24 09:17:01:24839][http-nio-80-exec-5] DEBUG o.s.web.servlet.DispatcherServlet - Completed 200 OK
[2023-04-24 09:17:01:24839][http-nio-80-exec-4] DEBUG o.s.web.servlet.DispatcherServlet - Completed 200 OK
[2023-04-24 09:17:01:24854][http-nio-80-exec-8] DEBUG o.s.web.servlet.DispatcherServlet - Completed 200 OK
[2023-04-24 09:17:01:24856][http-nio-80-exec-7] DEBUG o.s.web.servlet.DispatcherServlet - Completed 200 OK
[2023-04-24 09:17:01:24856][http-nio-80-exec-10] DEBUG o.s.web.servlet.DispatcherServlet - Completed 200 OK
[2023-04-24 09:17:01:24886][http-nio-80-exec-2] DEBUG o.s.web.servlet.DispatcherServlet - Completed 200 OK
[2023-04-24 09:17:01:25052][http-nio-80-exec-1] DEBUG o.s.web.servlet.DispatcherServlet - GET "/favicon.ico", parameters={}
[2023-04-24 09:17:01:25053][http-nio-80-exec-1] DEBUG o.s.w.s.h.SimpleUrlHandlerMapping - Mapped to ResourceHttpRequestHandler [classpath [META-INF/resources/], classpath [resources/], classpath [static/], classpath [public/], ServletContext [/]]
[2023-04-24 09:17:01:25057][http-nio-80-exec-1] DEBUG o.s.w.s.r.ResourceHttpRequestHandler - Resource not found
[2023-04-24 09:17:01:25057][http-nio-80-exec-1] DEBUG o.s.web.servlet.DispatcherServlet - Completed 404 NOT_FOUND
[2023-04-24 09:17:01:25058][http-nio-80-exec-1] DEBUG o.s.web.servlet.DispatcherServlet - "ERROR" dispatch for GET "/error", parameters={}
[2023-04-24 09:17:01:25061][http-nio-80-exec-1] DEBUG o.s.w.s.m.m.a.RequestMappingHandlerMapping - Mapped to org.springframework.boot.autoconfigure.web.servlet.error.BasicErrorController#error(HttpServletRequest)
[2023-04-24 09:17:01:25100][http-nio-80-exec-1] DEBUG o.s.w.s.m.m.a.HttpEntityMethodProcessor - Using 'application/json;q=0.8', given [image/webp, image/apng, image/svg+xml, image/*, */*;q=0.8] and supported [application/json, application/*+json, application/json, application/*+json]
[2023-04-24 09:17:01:25102][http-nio-80-exec-1] DEBUG o.s.w.s.m.m.a.HttpEntityMethodProcessor - Writing [{timestamp=Mon Apr 24 09:17:01 KST 2023, status=404, error=Not Found, message=No message available,  (truncated)...]
[2023-04-24 09:17:01:25199][http-nio-80-exec-1] DEBUG o.s.web.servlet.DispatcherServlet - Exiting from "ERROR" dispatch, status 404
[2023-04-24 09:17:03:26977][http-nio-80-exec-6] DEBUG o.s.web.servlet.DispatcherServlet - GET "/table", parameters={}
[2023-04-24 09:17:03:26978][http-nio-80-exec-6] DEBUG o.s.w.s.m.m.a.RequestMappingHandlerMapping - Mapped to com.kbstar.controller.MainController#table(Model)
[2023-04-24 09:17:03:26984][http-nio-80-exec-6] DEBUG o.s.w.s.v.ContentNegotiatingViewResolver - Selected 'text/html' given [text/html, application/xhtml+xml, image/webp, image/apng, application/xml;q=0.9, application/signed-exchange;v=b3;q=0.7, */*;q=0.8]
[2023-04-24 09:17:03:27010][http-nio-80-exec-6] DEBUG o.s.web.servlet.view.JstlView - View name 'index', model {managerAll=[Manager(id=1, name=Tiger Nixon, position= System Architect, office=Edinburgh, age=61, start_date=2011/04/25, Salary=320800), Manager(id=2, name=Garrett Winters, position=Accountant, office=Tokyo, age=63, start_date=2011/07/25, Salary=170750), Manager(id=3, name=Tiger Nixon, position= System Architect, office=Edinburgh, age=61, start_date=2011/04/25, Salary=320800), Manager(id=4, name=Tiger Nixon, position= System Architect, office=Edinburgh, age=61, start_date=2011/04/25, Salary=320800), Manager(id=5, name=Tiger Nixon, position= System Architect, office=Edinburgh, age=61, start_date=2011/04/25, Salary=320800), Manager(id=6, name=Tiger Nixon, position= System Architect, office=Edinburgh, age=61, start_date=2011/04/25, Salary=320800), Manager(id=7, name=Tiger Nixon, position= System Architect, office=Edinburgh, age=61, start_date=2011/04/25, Salary=320800), Manager(id=8, name=Tiger Nixon, position= System Architect, office=Edinburgh, age=61, start_date=2011/04/25, Salary=320800), Manager(id=9, name=Tiger Nixon, position= System Architect, office=Edinburgh, age=61, start_date=2011/04/25, Salary=320800), Manager(id=10, name=Tiger Nixon, position= System Architect, office=Edinburgh, age=61, start_date=2011/04/25, Salary=320800), Manager(id=11, name=Tiger Nixon, position= System Architect, office=Edinburgh, age=61, start_date=2011/04/25, Salary=320800), Manager(id=12, name=Tiger Nixon, position= System Architect, office=Edinburgh, age=61, start_date=2011/04/25, Salary=320800), Manager(id=13, name=Tiger Nixon, position= System Architect, office=Edinburgh, age=61, start_date=2011/04/25, Salary=320800), Manager(id=14, name=Tiger Nixon, position= System Architect, office=Edinburgh, age=61, start_date=2011/04/25, Salary=320800), Manager(id=15, name=Tiger Nixon, position= System Architect, office=Edinburgh, age=61, start_date=2011/04/25, Salary=320800), Manager(id=16, name=Tiger Nixon, position= System Architect, office=Edinburgh, age=61, start_date=2011/04/25, Salary=320800), Manager(id=17, name=Tiger Nixon, position= System Architect, office=Edinburgh, age=61, start_date=2011/04/25, Salary=320800), Manager(id=18, name=Tiger Nixon, position= System Architect, office=Edinburgh, age=61, start_date=2011/04/25, Salary=320800), Manager(id=19, name=Tiger Nixon, position= System Architect, office=Edinburgh, age=61, start_date=2011/04/25, Salary=320800), Manager(id=20, name=Tiger Nixon, position= System Architect, office=Edinburgh, age=61, start_date=2011/04/25, Salary=320800)], center=table}
[2023-04-24 09:17:03:27011][http-nio-80-exec-6] DEBUG o.s.web.servlet.view.JstlView - Forwarding to [/views/index.jsp]
[2023-04-24 09:17:03:27030][http-nio-80-exec-9] DEBUG o.s.web.servlet.DispatcherServlet - GET "/vendor/fontawesome-free/css/all.min.css", parameters={}
[2023-04-24 09:17:03:27030][http-nio-80-exec-3] DEBUG o.s.web.servlet.DispatcherServlet - GET "/css/sb-admin-2.min.css", parameters={}
[2023-04-24 09:17:03:27030][http-nio-80-exec-9] DEBUG o.s.w.s.h.SimpleUrlHandlerMapping - Mapped to ResourceHttpRequestHandler [classpath [META-INF/resources/], classpath [resources/], classpath [static/], classpath [public/], ServletContext [/]]
[2023-04-24 09:17:03:27031][http-nio-80-exec-3] DEBUG o.s.w.s.h.SimpleUrlHandlerMapping - Mapped to ResourceHttpRequestHandler [classpath [META-INF/resources/], classpath [resources/], classpath [static/], classpath [public/], ServletContext [/]]
[2023-04-24 09:17:03:27035][http-nio-80-exec-9] DEBUG o.s.web.servlet.DispatcherServlet - Completed 200 OK
[2023-04-24 09:17:03:27038][http-nio-80-exec-3] DEBUG o.s.web.servlet.DispatcherServlet - Completed 200 OK
[2023-04-24 09:17:03:27049][http-nio-80-exec-5] DEBUG o.s.web.servlet.DispatcherServlet - GET "/img/undraw_rocket.svg", parameters={}
[2023-04-24 09:17:03:27049][http-nio-80-exec-4] DEBUG o.s.web.servlet.DispatcherServlet - GET "/img/undraw_profile_1.svg", parameters={}
[2023-04-24 09:17:03:27049][http-nio-80-exec-8] DEBUG o.s.web.servlet.DispatcherServlet - GET "/img/undraw_profile_2.svg", parameters={}
[2023-04-24 09:17:03:27050][http-nio-80-exec-7] DEBUG o.s.web.servlet.DispatcherServlet - GET "/img/undraw_profile_3.svg", parameters={}
[2023-04-24 09:17:03:27050][http-nio-80-exec-5] DEBUG o.s.w.s.h.SimpleUrlHandlerMapping - Mapped to ResourceHttpRequestHandler [classpath [META-INF/resources/], classpath [resources/], classpath [static/], classpath [public/], ServletContext [/]]
[2023-04-24 09:17:03:27050][http-nio-80-exec-8] DEBUG o.s.w.s.h.SimpleUrlHandlerMapping - Mapped to ResourceHttpRequestHandler [classpath [META-INF/resources/], classpath [resources/], classpath [static/], classpath [public/], ServletContext [/]]
[2023-04-24 09:17:03:27051][http-nio-80-exec-7] DEBUG o.s.w.s.h.SimpleUrlHandlerMapping - Mapped to ResourceHttpRequestHandler [classpath [META-INF/resources/], classpath [resources/], classpath [static/], classpath [public/], ServletContext [/]]
[2023-04-24 09:17:03:27051][http-nio-80-exec-4] DEBUG o.s.w.s.h.SimpleUrlHandlerMapping - Mapped to ResourceHttpRequestHandler [classpath [META-INF/resources/], classpath [resources/], classpath [static/], classpath [public/], ServletContext [/]]
[2023-04-24 09:17:03:27053][http-nio-80-exec-5] DEBUG o.s.web.servlet.DispatcherServlet - Completed 200 OK
[2023-04-24 09:17:03:27053][http-nio-80-exec-8] DEBUG o.s.web.servlet.DispatcherServlet - Completed 200 OK
[2023-04-24 09:17:03:27054][http-nio-80-exec-7] DEBUG o.s.web.servlet.DispatcherServlet - Completed 200 OK
[2023-04-24 09:17:03:27054][http-nio-80-exec-4] DEBUG o.s.web.servlet.DispatcherServlet - Completed 200 OK
[2023-04-24 09:17:03:27085][http-nio-80-exec-10] DEBUG o.s.web.servlet.DispatcherServlet - GET "/vendor/fontawesome-free/webfonts/fa-solid-900.woff2", parameters={}
[2023-04-24 09:17:03:27085][http-nio-80-exec-10] DEBUG o.s.w.s.h.SimpleUrlHandlerMapping - Mapped to ResourceHttpRequestHandler [classpath [META-INF/resources/], classpath [resources/], classpath [static/], classpath [public/], ServletContext [/]]
[2023-04-24 09:17:03:27090][http-nio-80-exec-10] DEBUG o.s.web.servlet.DispatcherServlet - Completed 200 OK
[2023-04-24 09:17:03:27339][http-nio-80-exec-2] DEBUG o.s.web.servlet.DispatcherServlet - GET "/img/undraw_profile.svg", parameters={}
[2023-04-24 09:17:03:27341][http-nio-80-exec-6] DEBUG o.s.web.servlet.DispatcherServlet - Completed 200 OK
[2023-04-24 09:17:03:27341][http-nio-80-exec-2] DEBUG o.s.w.s.h.SimpleUrlHandlerMapping - Mapped to ResourceHttpRequestHandler [classpath [META-INF/resources/], classpath [resources/], classpath [static/], classpath [public/], ServletContext [/]]
[2023-04-24 09:17:03:27344][http-nio-80-exec-2] DEBUG o.s.web.servlet.DispatcherServlet - Completed 200 OK
[2023-04-24 09:17:03:27354][http-nio-80-exec-1] DEBUG o.s.web.servlet.DispatcherServlet - GET "/vendor/jquery/jquery.min.js", parameters={}
[2023-04-24 09:17:03:27355][http-nio-80-exec-1] DEBUG o.s.w.s.h.SimpleUrlHandlerMapping - Mapped to ResourceHttpRequestHandler [classpath [META-INF/resources/], classpath [resources/], classpath [static/], classpath [public/], ServletContext [/]]
[2023-04-24 09:17:03:27355][http-nio-80-exec-9] DEBUG o.s.web.servlet.DispatcherServlet - GET "/img/undraw_profile.svg", parameters={}
[2023-04-24 09:17:03:27355][http-nio-80-exec-3] DEBUG o.s.web.servlet.DispatcherServlet - GET "/vendor/bootstrap/js/bootstrap.bundle.min.js", parameters={}
[2023-04-24 09:17:03:27356][http-nio-80-exec-8] DEBUG o.s.web.servlet.DispatcherServlet - GET "/vendor/jquery-easing/jquery.easing.min.js", parameters={}
[2023-04-24 09:17:03:27356][http-nio-80-exec-3] DEBUG o.s.w.s.h.SimpleUrlHandlerMapping - Mapped to ResourceHttpRequestHandler [classpath [META-INF/resources/], classpath [resources/], classpath [static/], classpath [public/], ServletContext [/]]
[2023-04-24 09:17:03:27356][http-nio-80-exec-5] DEBUG o.s.web.servlet.DispatcherServlet - GET "/vendor/chart.js/Chart.min.js", parameters={}
[2023-04-24 09:17:03:27356][http-nio-80-exec-9] DEBUG o.s.w.s.h.SimpleUrlHandlerMapping - Mapped to ResourceHttpRequestHandler [classpath [META-INF/resources/], classpath [resources/], classpath [static/], classpath [public/], ServletContext [/]]
[2023-04-24 09:17:03:27356][http-nio-80-exec-7] DEBUG o.s.web.servlet.DispatcherServlet - GET "/js/sb-admin-2.min.js", parameters={}
[2023-04-24 09:17:03:27357][http-nio-80-exec-8] DEBUG o.s.w.s.h.SimpleUrlHandlerMapping - Mapped to ResourceHttpRequestHandler [classpath [META-INF/resources/], classpath [resources/], classpath [static/], classpath [public/], ServletContext [/]]
[2023-04-24 09:17:03:27357][http-nio-80-exec-5] DEBUG o.s.w.s.h.SimpleUrlHandlerMapping - Mapped to ResourceHttpRequestHandler [classpath [META-INF/resources/], classpath [resources/], classpath [static/], classpath [public/], ServletContext [/]]
[2023-04-24 09:17:03:27357][http-nio-80-exec-7] DEBUG o.s.w.s.h.SimpleUrlHandlerMapping - Mapped to ResourceHttpRequestHandler [classpath [META-INF/resources/], classpath [resources/], classpath [static/], classpath [public/], ServletContext [/]]
[2023-04-24 09:17:03:27359][http-nio-80-exec-1] DEBUG o.s.web.servlet.DispatcherServlet - Completed 200 OK
[2023-04-24 09:17:03:27359][http-nio-80-exec-9] DEBUG o.s.web.servlet.DispatcherServlet - Completed 200 OK
[2023-04-24 09:17:03:27360][http-nio-80-exec-8] DEBUG o.s.web.servlet.DispatcherServlet - Completed 200 OK
[2023-04-24 09:17:03:27360][http-nio-80-exec-7] DEBUG o.s.web.servlet.DispatcherServlet - Completed 200 OK
[2023-04-24 09:17:03:27361][http-nio-80-exec-3] DEBUG o.s.web.servlet.DispatcherServlet - Completed 200 OK
[2023-04-24 09:17:03:27363][http-nio-80-exec-5] DEBUG o.s.web.servlet.DispatcherServlet - Completed 200 OK
[2023-04-24 09:17:03:27365][http-nio-80-exec-4] DEBUG o.s.web.servlet.DispatcherServlet - GET "/js/demo/chart-area-demo.js", parameters={}
[2023-04-24 09:17:03:27365][http-nio-80-exec-10] DEBUG o.s.web.servlet.DispatcherServlet - GET "/js/demo/chart-pie-demo.js", parameters={}
[2023-04-24 09:17:03:27366][http-nio-80-exec-6] DEBUG o.s.web.servlet.DispatcherServlet - GET "/js/demo/chart-bar-demo.js", parameters={}
[2023-04-24 09:17:03:27366][http-nio-80-exec-10] DEBUG o.s.w.s.h.SimpleUrlHandlerMapping - Mapped to ResourceHttpRequestHandler [classpath [META-INF/resources/], classpath [resources/], classpath [static/], classpath [public/], ServletContext [/]]
[2023-04-24 09:17:03:27366][http-nio-80-exec-4] DEBUG o.s.w.s.h.SimpleUrlHandlerMapping - Mapped to ResourceHttpRequestHandler [classpath [META-INF/resources/], classpath [resources/], classpath [static/], classpath [public/], ServletContext [/]]
[2023-04-24 09:17:03:27367][http-nio-80-exec-6] DEBUG o.s.w.s.h.SimpleUrlHandlerMapping - Mapped to ResourceHttpRequestHandler [classpath [META-INF/resources/], classpath [resources/], classpath [static/], classpath [public/], ServletContext [/]]
[2023-04-24 09:17:03:27370][http-nio-80-exec-4] DEBUG o.s.web.servlet.DispatcherServlet - Completed 200 OK
[2023-04-24 09:17:03:27370][http-nio-80-exec-6] DEBUG o.s.web.servlet.DispatcherServlet - Completed 200 OK
[2023-04-24 09:17:03:27371][http-nio-80-exec-10] DEBUG o.s.web.servlet.DispatcherServlet - Completed 200 OK
[2023-04-24 09:19:13:157323][http-nio-80-exec-5] DEBUG o.s.web.servlet.DispatcherServlet - GET "/table", parameters={}
[2023-04-24 09:19:13:157323][http-nio-80-exec-5] DEBUG o.s.w.s.m.m.a.RequestMappingHandlerMapping - Mapped to com.kbstar.controller.MainController#table(Model)
[2023-04-24 09:19:13:157324][http-nio-80-exec-5] DEBUG o.s.w.s.v.ContentNegotiatingViewResolver - Selected 'text/html' given [text/html, application/xhtml+xml, image/webp, image/apng, application/xml;q=0.9, application/signed-exchange;v=b3;q=0.7, */*;q=0.8]
[2023-04-24 09:19:13:157326][http-nio-80-exec-5] DEBUG o.s.web.servlet.view.JstlView - View name 'index', model {managerAll=[Manager(id=1, name=Tiger Nixon, position= System Architect, office=Edinburgh, age=61, start_date=2011/04/25, Salary=320800), Manager(id=2, name=Garrett Winters, position=Accountant, office=Tokyo, age=63, start_date=2011/07/25, Salary=170750), Manager(id=3, name=Tiger Nixon, position= System Architect, office=Edinburgh, age=61, start_date=2011/04/25, Salary=320800), Manager(id=4, name=Tiger Nixon, position= System Architect, office=Edinburgh, age=61, start_date=2011/04/25, Salary=320800), Manager(id=5, name=Tiger Nixon, position= System Architect, office=Edinburgh, age=61, start_date=2011/04/25, Salary=320800), Manager(id=6, name=Tiger Nixon, position= System Architect, office=Edinburgh, age=61, start_date=2011/04/25, Salary=320800), Manager(id=7, name=Tiger Nixon, position= System Architect, office=Edinburgh, age=61, start_date=2011/04/25, Salary=320800), Manager(id=8, name=Tiger Nixon, position= System Architect, office=Edinburgh, age=61, start_date=2011/04/25, Salary=320800), Manager(id=9, name=Tiger Nixon, position= System Architect, office=Edinburgh, age=61, start_date=2011/04/25, Salary=320800), Manager(id=10, name=Tiger Nixon, position= System Architect, office=Edinburgh, age=61, start_date=2011/04/25, Salary=320800), Manager(id=11, name=Tiger Nixon, position= System Architect, office=Edinburgh, age=61, start_date=2011/04/25, Salary=320800), Manager(id=12, name=Tiger Nixon, position= System Architect, office=Edinburgh, age=61, start_date=2011/04/25, Salary=320800), Manager(id=13, name=Tiger Nixon, position= System Architect, office=Edinburgh, age=61, start_date=2011/04/25, Salary=320800), Manager(id=14, name=Tiger Nixon, position= System Architect, office=Edinburgh, age=61, start_date=2011/04/25, Salary=320800), Manager(id=15, name=Tiger Nixon, position= System Architect, office=Edinburgh, age=61, start_date=2011/04/25, Salary=320800), Manager(id=16, name=Tiger Nixon, position= System Architect, office=Edinburgh, age=61, start_date=2011/04/25, Salary=320800), Manager(id=17, name=Tiger Nixon, position= System Architect, office=Edinburgh, age=61, start_date=2011/04/25, Salary=320800), Manager(id=18, name=Tiger Nixon, position= System Architect, office=Edinburgh, age=61, start_date=2011/04/25, Salary=320800), Manager(id=19, name=Tiger Nixon, position= System Architect, office=Edinburgh, age=61, start_date=2011/04/25, Salary=320800), Manager(id=20, name=Tiger Nixon, position= System Architect, office=Edinburgh, age=61, start_date=2011/04/25, Salary=320800)], center=table}
[2023-04-24 09:19:13:157326][http-nio-80-exec-5] DEBUG o.s.web.servlet.view.JstlView - Forwarding to [/views/index.jsp]
[2023-04-24 09:19:13:157344][http-nio-80-exec-10] DEBUG o.s.web.servlet.DispatcherServlet - GET "/vendor/fontawesome-free/css/all.min.css", parameters={}
[2023-04-24 09:19:13:157345][http-nio-80-exec-6] DEBUG o.s.web.servlet.DispatcherServlet - GET "/css/sb-admin-2.min.css", parameters={}
[2023-04-24 09:19:13:157345][http-nio-80-exec-10] DEBUG o.s.w.s.h.SimpleUrlHandlerMapping - Mapped to ResourceHttpRequestHandler [classpath [META-INF/resources/], classpath [resources/], classpath [static/], classpath [public/], ServletContext [/]]
[2023-04-24 09:19:13:157345][http-nio-80-exec-6] DEBUG o.s.w.s.h.SimpleUrlHandlerMapping - Mapped to ResourceHttpRequestHandler [classpath [META-INF/resources/], classpath [resources/], classpath [static/], classpath [public/], ServletContext [/]]
[2023-04-24 09:19:13:157349][http-nio-80-exec-10] DEBUG o.s.web.servlet.DispatcherServlet - Completed 200 OK
[2023-04-24 09:19:13:157351][http-nio-80-exec-6] DEBUG o.s.web.servlet.DispatcherServlet - Completed 200 OK
[2023-04-24 09:19:13:157357][http-nio-80-exec-4] DEBUG o.s.web.servlet.DispatcherServlet - GET "/img/undraw_rocket.svg", parameters={}
[2023-04-24 09:19:13:157358][http-nio-80-exec-4] DEBUG o.s.w.s.h.SimpleUrlHandlerMapping - Mapped to ResourceHttpRequestHandler [classpath [META-INF/resources/], classpath [resources/], classpath [static/], classpath [public/], ServletContext [/]]
[2023-04-24 09:19:13:157367][http-nio-80-exec-4] DEBUG o.s.web.servlet.DispatcherServlet - Completed 200 OK
[2023-04-24 09:19:13:157372][http-nio-80-exec-8] DEBUG o.s.web.servlet.DispatcherServlet - GET "/img/undraw_profile_1.svg", parameters={}
[2023-04-24 09:19:13:157372][http-nio-80-exec-9] DEBUG o.s.web.servlet.DispatcherServlet - GET "/img/undraw_profile_2.svg", parameters={}
[2023-04-24 09:19:13:157373][http-nio-80-exec-7] DEBUG o.s.web.servlet.DispatcherServlet - GET "/img/undraw_profile_3.svg", parameters={}
[2023-04-24 09:19:13:157373][http-nio-80-exec-9] DEBUG o.s.w.s.h.SimpleUrlHandlerMapping - Mapped to ResourceHttpRequestHandler [classpath [META-INF/resources/], classpath [resources/], classpath [static/], classpath [public/], ServletContext [/]]
[2023-04-24 09:19:13:157373][http-nio-80-exec-8] DEBUG o.s.w.s.h.SimpleUrlHandlerMapping - Mapped to ResourceHttpRequestHandler [classpath [META-INF/resources/], classpath [resources/], classpath [static/], classpath [public/], ServletContext [/]]
[2023-04-24 09:19:13:157374][http-nio-80-exec-7] DEBUG o.s.w.s.h.SimpleUrlHandlerMapping - Mapped to ResourceHttpRequestHandler [classpath [META-INF/resources/], classpath [resources/], classpath [static/], classpath [public/], ServletContext [/]]
[2023-04-24 09:19:13:157376][http-nio-80-exec-9] DEBUG o.s.web.servlet.DispatcherServlet - Completed 200 OK
[2023-04-24 09:19:13:157376][http-nio-80-exec-8] DEBUG o.s.web.servlet.DispatcherServlet - Completed 200 OK
[2023-04-24 09:19:13:157377][http-nio-80-exec-7] DEBUG o.s.web.servlet.DispatcherServlet - Completed 200 OK
[2023-04-24 09:19:13:157403][http-nio-80-exec-1] DEBUG o.s.web.servlet.DispatcherServlet - GET "/vendor/fontawesome-free/webfonts/fa-solid-900.woff2", parameters={}
[2023-04-24 09:19:13:157403][http-nio-80-exec-1] DEBUG o.s.w.s.h.SimpleUrlHandlerMapping - Mapped to ResourceHttpRequestHandler [classpath [META-INF/resources/], classpath [resources/], classpath [static/], classpath [public/], ServletContext [/]]
[2023-04-24 09:19:13:157408][http-nio-80-exec-1] DEBUG o.s.web.servlet.DispatcherServlet - Completed 200 OK
[2023-04-24 09:19:13:157533][http-nio-80-exec-5] DEBUG o.s.web.servlet.DispatcherServlet - Completed 200 OK
[2023-04-24 09:19:13:157533][http-nio-80-exec-3] DEBUG o.s.web.servlet.DispatcherServlet - GET "/img/undraw_profile.svg", parameters={}
[2023-04-24 09:19:13:157534][http-nio-80-exec-3] DEBUG o.s.w.s.h.SimpleUrlHandlerMapping - Mapped to ResourceHttpRequestHandler [classpath [META-INF/resources/], classpath [resources/], classpath [static/], classpath [public/], ServletContext [/]]
[2023-04-24 09:19:13:157537][http-nio-80-exec-3] DEBUG o.s.web.servlet.DispatcherServlet - Completed 200 OK
[2023-04-24 09:19:13:157537][http-nio-80-exec-2] DEBUG o.s.web.servlet.DispatcherServlet - GET "/vendor/jquery/jquery.min.js", parameters={}
[2023-04-24 09:19:13:157538][http-nio-80-exec-10] DEBUG o.s.web.servlet.DispatcherServlet - GET "/vendor/bootstrap/js/bootstrap.bundle.min.js", parameters={}
[2023-04-24 09:19:13:157538][http-nio-80-exec-2] DEBUG o.s.w.s.h.SimpleUrlHandlerMapping - Mapped to ResourceHttpRequestHandler [classpath [META-INF/resources/], classpath [resources/], classpath [static/], classpath [public/], ServletContext [/]]
[2023-04-24 09:19:13:157539][http-nio-80-exec-10] DEBUG o.s.w.s.h.SimpleUrlHandlerMapping - Mapped to ResourceHttpRequestHandler [classpath [META-INF/resources/], classpath [resources/], classpath [static/], classpath [public/], ServletContext [/]]
[2023-04-24 09:19:13:157543][http-nio-80-exec-2] DEBUG o.s.web.servlet.DispatcherServlet - Completed 200 OK
[2023-04-24 09:19:13:157543][http-nio-80-exec-10] DEBUG o.s.web.servlet.DispatcherServlet - Completed 200 OK
[2023-04-24 09:19:13:157544][http-nio-80-exec-4] DEBUG o.s.web.servlet.DispatcherServlet - GET "/js/sb-admin-2.min.js", parameters={}
[2023-04-24 09:19:13:157544][http-nio-80-exec-6] DEBUG o.s.web.servlet.DispatcherServlet - GET "/vendor/jquery-easing/jquery.easing.min.js", parameters={}
[2023-04-24 09:19:13:157545][http-nio-80-exec-4] DEBUG o.s.w.s.h.SimpleUrlHandlerMapping - Mapped to ResourceHttpRequestHandler [classpath [META-INF/resources/], classpath [resources/], classpath [static/], classpath [public/], ServletContext [/]]
[2023-04-24 09:19:13:157545][http-nio-80-exec-6] DEBUG o.s.w.s.h.SimpleUrlHandlerMapping - Mapped to ResourceHttpRequestHandler [classpath [META-INF/resources/], classpath [resources/], classpath [static/], classpath [public/], ServletContext [/]]
[2023-04-24 09:19:13:157546][http-nio-80-exec-8] DEBUG o.s.web.servlet.DispatcherServlet - GET "/vendor/datatables/dataTables.bootstrap4.min.js", parameters={}
[2023-04-24 09:19:13:157546][http-nio-80-exec-9] DEBUG o.s.web.servlet.DispatcherServlet - GET "/vendor/datatables/jquery.dataTables.min.js", parameters={}
[2023-04-24 09:19:13:157546][http-nio-80-exec-7] DEBUG o.s.web.servlet.DispatcherServlet - GET "/js/demo/datatables-demo.js", parameters={}
[2023-04-24 09:19:13:157546][http-nio-80-exec-1] DEBUG o.s.web.servlet.DispatcherServlet - GET "/vendor/chart.js/Chart.min.js", parameters={}
[2023-04-24 09:19:13:157546][http-nio-80-exec-9] DEBUG o.s.w.s.h.SimpleUrlHandlerMapping - Mapped to ResourceHttpRequestHandler [classpath [META-INF/resources/], classpath [resources/], classpath [static/], classpath [public/], ServletContext [/]]
[2023-04-24 09:19:13:157546][http-nio-80-exec-8] DEBUG o.s.w.s.h.SimpleUrlHandlerMapping - Mapped to ResourceHttpRequestHandler [classpath [META-INF/resources/], classpath [resources/], classpath [static/], classpath [public/], ServletContext [/]]
[2023-04-24 09:19:13:157547][http-nio-80-exec-7] DEBUG o.s.w.s.h.SimpleUrlHandlerMapping - Mapped to ResourceHttpRequestHandler [classpath [META-INF/resources/], classpath [resources/], classpath [static/], classpath [public/], ServletContext [/]]
[2023-04-24 09:19:13:157547][http-nio-80-exec-1] DEBUG o.s.w.s.h.SimpleUrlHandlerMapping - Mapped to ResourceHttpRequestHandler [classpath [META-INF/resources/], classpath [resources/], classpath [static/], classpath [public/], ServletContext [/]]
[2023-04-24 09:19:13:157548][http-nio-80-exec-4] DEBUG o.s.web.servlet.DispatcherServlet - Completed 200 OK
[2023-04-24 09:19:13:157548][http-nio-80-exec-6] DEBUG o.s.web.servlet.DispatcherServlet - Completed 200 OK
[2023-04-24 09:19:13:157550][http-nio-80-exec-5] DEBUG o.s.web.servlet.DispatcherServlet - GET "/js/demo/chart-area-demo.js", parameters={}
[2023-04-24 09:19:13:157550][http-nio-80-exec-3] DEBUG o.s.web.servlet.DispatcherServlet - GET "/js/demo/chart-pie-demo.js", parameters={}
[2023-04-24 09:19:13:157551][http-nio-80-exec-5] DEBUG o.s.w.s.h.SimpleUrlHandlerMapping - Mapped to ResourceHttpRequestHandler [classpath [META-INF/resources/], classpath [resources/], classpath [static/], classpath [public/], ServletContext [/]]
[2023-04-24 09:19:13:157553][http-nio-80-exec-1] DEBUG o.s.web.servlet.DispatcherServlet - Completed 200 OK
[2023-04-24 09:19:13:157553][http-nio-80-exec-5] DEBUG o.s.web.servlet.DispatcherServlet - Completed 200 OK
[2023-04-24 09:19:13:157551][http-nio-80-exec-3] DEBUG o.s.w.s.h.SimpleUrlHandlerMapping - Mapped to ResourceHttpRequestHandler [classpath [META-INF/resources/], classpath [resources/], classpath [static/], classpath [public/], ServletContext [/]]
[2023-04-24 09:19:13:157556][http-nio-80-exec-2] DEBUG o.s.web.servlet.DispatcherServlet - GET "/js/demo/chart-bar-demo.js", parameters={}
[2023-04-24 09:19:13:157556][http-nio-80-exec-3] DEBUG o.s.web.servlet.DispatcherServlet - Completed 200 OK
[2023-04-24 09:19:13:157556][http-nio-80-exec-2] DEBUG o.s.w.s.h.SimpleUrlHandlerMapping - Mapped to ResourceHttpRequestHandler [classpath [META-INF/resources/], classpath [resources/], classpath [static/], classpath [public/], ServletContext [/]]
[2023-04-24 09:19:13:157561][http-nio-80-exec-2] DEBUG o.s.web.servlet.DispatcherServlet - Completed 200 OK
[2023-04-24 09:19:13:157574][http-nio-80-exec-7] DEBUG o.s.web.servlet.DispatcherServlet - Completed 200 OK
[2023-04-24 09:19:13:157578][http-nio-80-exec-8] DEBUG o.s.web.servlet.DispatcherServlet - Completed 200 OK
[2023-04-24 09:19:14:157665][http-nio-80-exec-9] DEBUG o.s.web.servlet.DispatcherServlet - Completed 200 OK
[2023-04-24 09:19:14:157677][http-nio-80-exec-10] DEBUG o.s.web.servlet.DispatcherServlet - GET "/vendor/jquery/jquery.min.js", parameters={}
[2023-04-24 09:19:14:157677][http-nio-80-exec-10] DEBUG o.s.w.s.h.SimpleUrlHandlerMapping - Mapped to ResourceHttpRequestHandler [classpath [META-INF/resources/], classpath [resources/], classpath [static/], classpath [public/], ServletContext [/]]
[2023-04-24 09:19:14:157680][http-nio-80-exec-10] DEBUG o.s.web.servlet.DispatcherServlet - Completed 200 OK
[2023-04-24 09:19:14:157686][http-nio-80-exec-4] DEBUG o.s.web.servlet.DispatcherServlet - GET "/vendor/bootstrap/js/bootstrap.bundle.min.js", parameters={}
[2023-04-24 09:19:14:157686][http-nio-80-exec-4] DEBUG o.s.w.s.h.SimpleUrlHandlerMapping - Mapped to ResourceHttpRequestHandler [classpath [META-INF/resources/], classpath [resources/], classpath [static/], classpath [public/], ServletContext [/]]
[2023-04-24 09:19:14:157690][http-nio-80-exec-4] DEBUG o.s.web.servlet.DispatcherServlet - Completed 200 OK
[2023-04-24 09:19:14:157696][http-nio-80-exec-6] DEBUG o.s.web.servlet.DispatcherServlet - GET "/vendor/jquery-easing/jquery.easing.min.js", parameters={}
[2023-04-24 09:19:14:157697][http-nio-80-exec-6] DEBUG o.s.w.s.h.SimpleUrlHandlerMapping - Mapped to ResourceHttpRequestHandler [classpath [META-INF/resources/], classpath [resources/], classpath [static/], classpath [public/], ServletContext [/]]
[2023-04-24 09:19:14:157699][http-nio-80-exec-6] DEBUG o.s.web.servlet.DispatcherServlet - Completed 200 OK
[2023-04-24 09:19:14:157703][http-nio-80-exec-1] DEBUG o.s.web.servlet.DispatcherServlet - GET "/js/sb-admin-2.min.js", parameters={}
[2023-04-24 09:19:14:157704][http-nio-80-exec-1] DEBUG o.s.w.s.h.SimpleUrlHandlerMapping - Mapped to ResourceHttpRequestHandler [classpath [META-INF/resources/], classpath [resources/], classpath [static/], classpath [public/], ServletContext [/]]
[2023-04-24 09:19:14:157707][http-nio-80-exec-1] DEBUG o.s.web.servlet.DispatcherServlet - Completed 200 OK
[2023-04-24 09:22:30:353687][http-nio-80-exec-10] DEBUG o.s.web.servlet.DispatcherServlet - GET "/table", parameters={}
[2023-04-24 09:22:30:353687][http-nio-80-exec-10] DEBUG o.s.w.s.m.m.a.RequestMappingHandlerMapping - Mapped to com.kbstar.controller.MainController#table(Model)
[2023-04-24 09:22:30:353688][http-nio-80-exec-10] DEBUG o.s.w.s.v.ContentNegotiatingViewResolver - Selected 'text/html' given [text/html, application/xhtml+xml, image/webp, image/apng, application/xml;q=0.9, application/signed-exchange;v=b3;q=0.7, */*;q=0.8]
[2023-04-24 09:22:30:353689][http-nio-80-exec-10] DEBUG o.s.web.servlet.view.JstlView - View name 'index', model {managerAll=[Manager(id=1, name=Tiger Nixon, position= System Architect, office=Edinburgh, age=61, start_date=2011/04/25, Salary=320800), Manager(id=2, name=Garrett Winters, position=Accountant, office=Tokyo, age=63, start_date=2011/07/25, Salary=170750), Manager(id=3, name=Tiger Nixon, position= System Architect, office=Edinburgh, age=61, start_date=2011/04/25, Salary=320800), Manager(id=4, name=Tiger Nixon, position= System Architect, office=Edinburgh, age=61, start_date=2011/04/25, Salary=320800), Manager(id=5, name=Tiger Nixon, position= System Architect, office=Edinburgh, age=61, start_date=2011/04/25, Salary=320800), Manager(id=6, name=Tiger Nixon, position= System Architect, office=Edinburgh, age=61, start_date=2011/04/25, Salary=320800), Manager(id=7, name=Tiger Nixon, position= System Architect, office=Edinburgh, age=61, start_date=2011/04/25, Salary=320800), Manager(id=8, name=Tiger Nixon, position= System Architect, office=Edinburgh, age=61, start_date=2011/04/25, Salary=320800), Manager(id=9, name=Tiger Nixon, position= System Architect, office=Edinburgh, age=61, start_date=2011/04/25, Salary=320800), Manager(id=10, name=Tiger Nixon, position= System Architect, office=Edinburgh, age=61, start_date=2011/04/25, Salary=320800), Manager(id=11, name=Tiger Nixon, position= System Architect, office=Edinburgh, age=61, start_date=2011/04/25, Salary=320800), Manager(id=12, name=Tiger Nixon, position= System Architect, office=Edinburgh, age=61, start_date=2011/04/25, Salary=320800), Manager(id=13, name=Tiger Nixon, position= System Architect, office=Edinburgh, age=61, start_date=2011/04/25, Salary=320800), Manager(id=14, name=Tiger Nixon, position= System Architect, office=Edinburgh, age=61, start_date=2011/04/25, Salary=320800), Manager(id=15, name=Tiger Nixon, position= System Architect, office=Edinburgh, age=61, start_date=2011/04/25, Salary=320800), Manager(id=16, name=Tiger Nixon, position= System Architect, office=Edinburgh, age=61, start_date=2011/04/25, Salary=320800), Manager(id=17, name=Tiger Nixon, position= System Architect, office=Edinburgh, age=61, start_date=2011/04/25, Salary=320800), Manager(id=18, name=Tiger Nixon, position= System Architect, office=Edinburgh, age=61, start_date=2011/04/25, Salary=320800), Manager(id=19, name=Tiger Nixon, position= System Architect, office=Edinburgh, age=61, start_date=2011/04/25, Salary=320800), Manager(id=20, name=Tiger Nixon, position= System Architect, office=Edinburgh, age=61, start_date=2011/04/25, Salary=320800)], center=table}
[2023-04-24 09:22:30:353689][http-nio-80-exec-10] DEBUG o.s.web.servlet.view.JstlView - Forwarding to [/views/index.jsp]
[2023-04-24 09:22:30:353704][http-nio-80-exec-4] DEBUG o.s.web.servlet.DispatcherServlet - GET "/vendor/fontawesome-free/css/all.min.css", parameters={}
[2023-04-24 09:22:30:353705][http-nio-80-exec-4] DEBUG o.s.w.s.h.SimpleUrlHandlerMapping - Mapped to ResourceHttpRequestHandler [classpath [META-INF/resources/], classpath [resources/], classpath [static/], classpath [public/], ServletContext [/]]
[2023-04-24 09:22:30:353705][http-nio-80-exec-6] DEBUG o.s.web.servlet.DispatcherServlet - GET "/css/sb-admin-2.min.css", parameters={}
[2023-04-24 09:22:30:353705][http-nio-80-exec-6] DEBUG o.s.w.s.h.SimpleUrlHandlerMapping - Mapped to ResourceHttpRequestHandler [classpath [META-INF/resources/], classpath [resources/], classpath [static/], classpath [public/], ServletContext [/]]
[2023-04-24 09:22:30:353713][http-nio-80-exec-4] DEBUG o.s.web.servlet.DispatcherServlet - Completed 200 OK
[2023-04-24 09:22:30:353713][http-nio-80-exec-6] DEBUG o.s.web.servlet.DispatcherServlet - Completed 200 OK
[2023-04-24 09:22:30:353726][http-nio-80-exec-1] DEBUG o.s.web.servlet.DispatcherServlet - GET "/img/undraw_rocket.svg", parameters={}
[2023-04-24 09:22:30:353727][http-nio-80-exec-1] DEBUG o.s.w.s.h.SimpleUrlHandlerMapping - Mapped to ResourceHttpRequestHandler [classpath [META-INF/resources/], classpath [resources/], classpath [static/], classpath [public/], ServletContext [/]]
[2023-04-24 09:22:30:353727][http-nio-80-exec-8] DEBUG o.s.web.servlet.DispatcherServlet - GET "/img/undraw_profile_2.svg", parameters={}
[2023-04-24 09:22:30:353727][http-nio-80-exec-5] DEBUG o.s.web.servlet.DispatcherServlet - GET "/img/undraw_profile_1.svg", parameters={}
[2023-04-24 09:22:30:353728][http-nio-80-exec-7] DEBUG o.s.web.servlet.DispatcherServlet - GET "/img/undraw_profile_3.svg", parameters={}
[2023-04-24 09:22:30:353728][http-nio-80-exec-8] DEBUG o.s.w.s.h.SimpleUrlHandlerMapping - Mapped to ResourceHttpRequestHandler [classpath [META-INF/resources/], classpath [resources/], classpath [static/], classpath [public/], ServletContext [/]]
[2023-04-24 09:22:30:353729][http-nio-80-exec-5] DEBUG o.s.w.s.h.SimpleUrlHandlerMapping - Mapped to ResourceHttpRequestHandler [classpath [META-INF/resources/], classpath [resources/], classpath [static/], classpath [public/], ServletContext [/]]
[2023-04-24 09:22:30:353729][http-nio-80-exec-7] DEBUG o.s.w.s.h.SimpleUrlHandlerMapping - Mapped to ResourceHttpRequestHandler [classpath [META-INF/resources/], classpath [resources/], classpath [static/], classpath [public/], ServletContext [/]]
[2023-04-24 09:22:30:353730][http-nio-80-exec-1] DEBUG o.s.web.servlet.DispatcherServlet - Completed 200 OK
[2023-04-24 09:22:30:353731][http-nio-80-exec-8] DEBUG o.s.web.servlet.DispatcherServlet - Completed 200 OK
[2023-04-24 09:22:30:353732][http-nio-80-exec-5] DEBUG o.s.web.servlet.DispatcherServlet - Completed 200 OK
[2023-04-24 09:22:30:353732][http-nio-80-exec-7] DEBUG o.s.web.servlet.DispatcherServlet - Completed 200 OK
[2023-04-24 09:22:30:353773][http-nio-80-exec-9] DEBUG o.s.web.servlet.DispatcherServlet - GET "/vendor/fontawesome-free/webfonts/fa-solid-900.woff2", parameters={}
[2023-04-24 09:22:30:353773][http-nio-80-exec-9] DEBUG o.s.w.s.h.SimpleUrlHandlerMapping - Mapped to ResourceHttpRequestHandler [classpath [META-INF/resources/], classpath [resources/], classpath [static/], classpath [public/], ServletContext [/]]
[2023-04-24 09:22:30:353775][http-nio-80-exec-9] DEBUG o.s.web.servlet.DispatcherServlet - Completed 200 OK
[2023-04-24 09:22:30:353803][http-nio-80-exec-10] DEBUG o.s.web.servlet.DispatcherServlet - Completed 200 OK
[2023-04-24 09:22:30:353805][http-nio-80-exec-3] DEBUG o.s.web.servlet.DispatcherServlet - GET "/img/undraw_profile.svg", parameters={}
[2023-04-24 09:22:30:353806][http-nio-80-exec-3] DEBUG o.s.w.s.h.SimpleUrlHandlerMapping - Mapped to ResourceHttpRequestHandler [classpath [META-INF/resources/], classpath [resources/], classpath [static/], classpath [public/], ServletContext [/]]
[2023-04-24 09:22:30:353807][http-nio-80-exec-3] DEBUG o.s.web.servlet.DispatcherServlet - Completed 200 OK
[2023-04-24 09:22:30:353812][http-nio-80-exec-2] DEBUG o.s.web.servlet.DispatcherServlet - GET "/vendor/jquery/jquery.min.js", parameters={}
[2023-04-24 09:22:30:353812][http-nio-80-exec-4] DEBUG o.s.web.servlet.DispatcherServlet - GET "/img/undraw_profile.svg", parameters={}
[2023-04-24 09:22:30:353812][http-nio-80-exec-2] DEBUG o.s.w.s.h.SimpleUrlHandlerMapping - Mapped to ResourceHttpRequestHandler [classpath [META-INF/resources/], classpath [resources/], classpath [static/], classpath [public/], ServletContext [/]]
[2023-04-24 09:22:30:353812][http-nio-80-exec-4] DEBUG o.s.w.s.h.SimpleUrlHandlerMapping - Mapped to ResourceHttpRequestHandler [classpath [META-INF/resources/], classpath [resources/], classpath [static/], classpath [public/], ServletContext [/]]
[2023-04-24 09:22:30:353813][http-nio-80-exec-6] DEBUG o.s.web.servlet.DispatcherServlet - GET "/vendor/bootstrap/js/bootstrap.bundle.min.js", parameters={}
[2023-04-24 09:22:30:353813][http-nio-80-exec-6] DEBUG o.s.w.s.h.SimpleUrlHandlerMapping - Mapped to ResourceHttpRequestHandler [classpath [META-INF/resources/], classpath [resources/], classpath [static/], classpath [public/], ServletContext [/]]
[2023-04-24 09:22:30:353813][http-nio-80-exec-8] DEBUG o.s.web.servlet.DispatcherServlet - GET "/js/sb-admin-2.min.js", parameters={}
[2023-04-24 09:22:30:353813][http-nio-80-exec-1] DEBUG o.s.web.servlet.DispatcherServlet - GET "/vendor/jquery-easing/jquery.easing.min.js", parameters={}
[2023-04-24 09:22:30:353814][http-nio-80-exec-8] DEBUG o.s.w.s.h.SimpleUrlHandlerMapping - Mapped to ResourceHttpRequestHandler [classpath [META-INF/resources/], classpath [resources/], classpath [static/], classpath [public/], ServletContext [/]]
[2023-04-24 09:22:30:353814][http-nio-80-exec-1] DEBUG o.s.w.s.h.SimpleUrlHandlerMapping - Mapped to ResourceHttpRequestHandler [classpath [META-INF/resources/], classpath [resources/], classpath [static/], classpath [public/], ServletContext [/]]
[2023-04-24 09:22:30:353814][http-nio-80-exec-5] DEBUG o.s.web.servlet.DispatcherServlet - GET "/vendor/datatables/jquery.dataTables.min.js", parameters={}
[2023-04-24 09:22:30:353814][http-nio-80-exec-5] DEBUG o.s.w.s.h.SimpleUrlHandlerMapping - Mapped to ResourceHttpRequestHandler [classpath [META-INF/resources/], classpath [resources/], classpath [static/], classpath [public/], ServletContext [/]]
[2023-04-24 09:22:30:353814][http-nio-80-exec-2] DEBUG o.s.web.servlet.DispatcherServlet - Completed 200 OK
[2023-04-24 09:22:30:353814][http-nio-80-exec-4] DEBUG o.s.web.servlet.DispatcherServlet - Completed 200 OK
[2023-04-24 09:22:30:353815][http-nio-80-exec-1] DEBUG o.s.web.servlet.DispatcherServlet - Completed 200 OK
[2023-04-24 09:22:30:353815][http-nio-80-exec-8] DEBUG o.s.web.servlet.DispatcherServlet - Completed 200 OK
[2023-04-24 09:22:30:353815][http-nio-80-exec-5] DEBUG o.s.web.servlet.DispatcherServlet - Completed 200 OK
[2023-04-24 09:22:30:353815][http-nio-80-exec-6] DEBUG o.s.web.servlet.DispatcherServlet - Completed 200 OK
[2023-04-24 09:22:30:353818][http-nio-80-exec-7] DEBUG o.s.web.servlet.DispatcherServlet - GET "/vendor/datatables/dataTables.bootstrap4.min.js", parameters={}
[2023-04-24 09:22:30:353818][http-nio-80-exec-9] DEBUG o.s.web.servlet.DispatcherServlet - GET "/js/demo/datatables-demo.js", parameters={}
[2023-04-24 09:22:30:353819][http-nio-80-exec-7] DEBUG o.s.w.s.h.SimpleUrlHandlerMapping - Mapped to ResourceHttpRequestHandler [classpath [META-INF/resources/], classpath [resources/], classpath [static/], classpath [public/], ServletContext [/]]
[2023-04-24 09:22:30:353819][http-nio-80-exec-9] DEBUG o.s.w.s.h.SimpleUrlHandlerMapping - Mapped to ResourceHttpRequestHandler [classpath [META-INF/resources/], classpath [resources/], classpath [static/], classpath [public/], ServletContext [/]]
[2023-04-24 09:22:30:353819][http-nio-80-exec-3] DEBUG o.s.web.servlet.DispatcherServlet - GET "/js/demo/chart-area-demo.js", parameters={}
[2023-04-24 09:22:30:353819][http-nio-80-exec-10] DEBUG o.s.web.servlet.DispatcherServlet - GET "/vendor/chart.js/Chart.min.js", parameters={}
[2023-04-24 09:22:30:353819][http-nio-80-exec-2] DEBUG o.s.web.servlet.DispatcherServlet - GET "/js/demo/chart-pie-demo.js", parameters={}
[2023-04-24 09:22:30:353819][http-nio-80-exec-4] DEBUG o.s.web.servlet.DispatcherServlet - GET "/js/demo/chart-bar-demo.js", parameters={}
[2023-04-24 09:22:30:353819][http-nio-80-exec-4] DEBUG o.s.w.s.h.SimpleUrlHandlerMapping - Mapped to ResourceHttpRequestHandler [classpath [META-INF/resources/], classpath [resources/], classpath [static/], classpath [public/], ServletContext [/]]
[2023-04-24 09:22:30:353819][http-nio-80-exec-10] DEBUG o.s.w.s.h.SimpleUrlHandlerMapping - Mapped to ResourceHttpRequestHandler [classpath [META-INF/resources/], classpath [resources/], classpath [static/], classpath [public/], ServletContext [/]]
[2023-04-24 09:22:30:353819][http-nio-80-exec-3] DEBUG o.s.w.s.h.SimpleUrlHandlerMapping - Mapped to ResourceHttpRequestHandler [classpath [META-INF/resources/], classpath [resources/], classpath [static/], classpath [public/], ServletContext [/]]
[2023-04-24 09:22:30:353819][http-nio-80-exec-2] DEBUG o.s.w.s.h.SimpleUrlHandlerMapping - Mapped to ResourceHttpRequestHandler [classpath [META-INF/resources/], classpath [resources/], classpath [static/], classpath [public/], ServletContext [/]]
[2023-04-24 09:22:30:353820][http-nio-80-exec-7] DEBUG o.s.web.servlet.DispatcherServlet - Completed 200 OK
[2023-04-24 09:22:30:353821][http-nio-80-exec-9] DEBUG o.s.web.servlet.DispatcherServlet - Completed 200 OK
[2023-04-24 09:22:30:353821][http-nio-80-exec-4] DEBUG o.s.web.servlet.DispatcherServlet - Completed 200 OK
[2023-04-24 09:22:30:353821][http-nio-80-exec-3] DEBUG o.s.web.servlet.DispatcherServlet - Completed 200 OK
[2023-04-24 09:22:30:353821][http-nio-80-exec-2] DEBUG o.s.web.servlet.DispatcherServlet - Completed 200 OK
[2023-04-24 09:22:30:353822][http-nio-80-exec-10] DEBUG o.s.web.servlet.DispatcherServlet - Completed 200 OK
[2023-04-24 09:22:30:353838][http-nio-80-exec-1] DEBUG o.s.web.servlet.DispatcherServlet - GET "/vendor/jquery/jquery.min.js", parameters={}
[2023-04-24 09:22:30:353838][http-nio-80-exec-1] DEBUG o.s.w.s.h.SimpleUrlHandlerMapping - Mapped to ResourceHttpRequestHandler [classpath [META-INF/resources/], classpath [resources/], classpath [static/], classpath [public/], ServletContext [/]]
[2023-04-24 09:22:30:353840][http-nio-80-exec-1] DEBUG o.s.web.servlet.DispatcherServlet - Completed 200 OK
[2023-04-24 09:22:30:353845][http-nio-80-exec-8] DEBUG o.s.web.servlet.DispatcherServlet - GET "/vendor/bootstrap/js/bootstrap.bundle.min.js", parameters={}
[2023-04-24 09:22:30:353845][http-nio-80-exec-8] DEBUG o.s.w.s.h.SimpleUrlHandlerMapping - Mapped to ResourceHttpRequestHandler [classpath [META-INF/resources/], classpath [resources/], classpath [static/], classpath [public/], ServletContext [/]]
[2023-04-24 09:22:30:353847][http-nio-80-exec-8] DEBUG o.s.web.servlet.DispatcherServlet - Completed 200 OK
[2023-04-24 09:22:30:353854][http-nio-80-exec-5] DEBUG o.s.web.servlet.DispatcherServlet - GET "/vendor/jquery-easing/jquery.easing.min.js", parameters={}
[2023-04-24 09:22:30:353854][http-nio-80-exec-5] DEBUG o.s.w.s.h.SimpleUrlHandlerMapping - Mapped to ResourceHttpRequestHandler [classpath [META-INF/resources/], classpath [resources/], classpath [static/], classpath [public/], ServletContext [/]]
[2023-04-24 09:22:30:353855][http-nio-80-exec-5] DEBUG o.s.web.servlet.DispatcherServlet - Completed 200 OK
[2023-04-24 09:22:30:353858][http-nio-80-exec-6] DEBUG o.s.web.servlet.DispatcherServlet - GET "/js/sb-admin-2.min.js", parameters={}
[2023-04-24 09:22:30:353858][http-nio-80-exec-6] DEBUG o.s.w.s.h.SimpleUrlHandlerMapping - Mapped to ResourceHttpRequestHandler [classpath [META-INF/resources/], classpath [resources/], classpath [static/], classpath [public/], ServletContext [/]]
[2023-04-24 09:22:30:353859][http-nio-80-exec-6] DEBUG o.s.web.servlet.DispatcherServlet - Completed 200 OK
